<?xml version="1.0" encoding="UTF-8"?>
<coverage generated="1766117171179" clover="3.2.0">
  <project timestamp="1766117171179" name="All files">
    <metrics statements="123" coveredstatements="109" conditionals="50" coveredconditionals="42" methods="31" coveredmethods="27" elements="204" coveredelements="178" complexity="0" loc="123" ncloc="123" packages="1" files="2" classes="2"/>
    <file name="errorHandler.ts" path="D:\Rafael\Programacao\GitissueBridge\gitissue-bridge\src\utils\errorHandler.ts">
      <metrics statements="55" coveredstatements="43" conditionals="26" coveredconditionals="19" methods="12" coveredmethods="9"/>
      <line num="1" count="1" type="stmt"/>
      <line num="2" count="1" type="stmt"/>
      <line num="7" count="1" type="cond" truecount="2" falsecount="0"/>
      <line num="8" count="1" type="stmt"/>
      <line num="9" count="1" type="stmt"/>
      <line num="10" count="1" type="stmt"/>
      <line num="26" count="1" type="stmt"/>
      <line num="28" count="1" type="stmt"/>
      <line num="36" count="16" type="cond" truecount="1" falsecount="0"/>
      <line num="37" count="1" type="stmt"/>
      <line num="39" count="16" type="stmt"/>
      <line num="46" count="8" type="cond" truecount="1" falsecount="0"/>
      <line num="48" count="8" type="cond" truecount="0" falsecount="1"/>
      <line num="49" count="0" type="stmt"/>
      <line num="51" count="8" type="cond" truecount="2" falsecount="1"/>
      <line num="52" count="0" type="stmt"/>
      <line num="54" count="8" type="cond" truecount="2" falsecount="1"/>
      <line num="55" count="0" type="stmt"/>
      <line num="57" count="8" type="cond" truecount="2" falsecount="1"/>
      <line num="58" count="0" type="stmt"/>
      <line num="60" count="8" type="cond" truecount="0" falsecount="1"/>
      <line num="61" count="0" type="stmt"/>
      <line num="64" count="8" type="stmt"/>
      <line num="67" count="0" type="cond" truecount="0" falsecount="1"/>
      <line num="68" count="0" type="stmt"/>
      <line num="71" count="0" type="stmt"/>
      <line num="82" count="8" type="stmt"/>
      <line num="83" count="8" type="cond" truecount="2" falsecount="0"/>
      <line num="84" count="8" type="cond" truecount="2" falsecount="0"/>
      <line num="87" count="8" type="stmt"/>
      <line num="90" count="8" type="stmt"/>
      <line num="94" count="8" type="cond" truecount="3" falsecount="0"/>
      <line num="96" count="1" type="stmt"/>
      <line num="97" count="1" type="stmt"/>
      <line num="99" count="1" type="stmt"/>
      <line num="100" count="1" type="stmt"/>
      <line num="102" count="6" type="stmt"/>
      <line num="103" count="6" type="stmt"/>
      <line num="107" count="8" type="cond" truecount="0" falsecount="1"/>
      <line num="108" count="0" type="stmt"/>
      <line num="120" count="1" type="stmt"/>
      <line num="121" count="1" type="stmt"/>
      <line num="128" count="0" type="stmt"/>
      <line num="135" count="0" type="stmt"/>
      <line num="142" count="0" type="stmt"/>
      <line num="152" count="2" type="stmt"/>
      <line num="153" count="2" type="stmt"/>
      <line num="155" count="1" type="stmt"/>
      <line num="156" count="1" type="stmt"/>
      <line num="164" count="2" type="stmt"/>
      <line num="165" count="2" type="stmt"/>
      <line num="167" count="1" type="stmt"/>
      <line num="168" count="1" type="stmt"/>
      <line num="176" count="1" type="stmt"/>
      <line num="177" count="1" type="stmt"/>
    </file>
    <file name="logger.ts" path="D:\Rafael\Programacao\GitissueBridge\gitissue-bridge\src\utils\logger.ts">
      <metrics statements="68" coveredstatements="66" conditionals="24" coveredconditionals="23" methods="19" coveredmethods="18"/>
      <line num="1" count="2" type="stmt"/>
      <line num="6" count="2" type="cond" truecount="2" falsecount="0"/>
      <line num="7" count="2" type="stmt"/>
      <line num="8" count="2" type="stmt"/>
      <line num="9" count="2" type="stmt"/>
      <line num="10" count="2" type="stmt"/>
      <line num="17" count="2" type="stmt"/>
      <line num="20" count="2" type="stmt"/>
      <line num="25" count="2" type="stmt"/>
      <line num="47" count="2" type="stmt"/>
      <line num="63" count="2" type="stmt"/>
      <line num="70" count="24" type="cond" truecount="1" falsecount="0"/>
      <line num="71" count="2" type="stmt"/>
      <line num="73" count="24" type="stmt"/>
      <line num="80" count="23" type="stmt"/>
      <line num="81" count="23" type="stmt"/>
      <line num="88" count="2" type="stmt"/>
      <line num="95" count="1" type="stmt"/>
      <line num="102" count="1" type="stmt"/>
      <line num="109" count="21" type="stmt"/>
      <line num="116" count="59" type="stmt"/>
      <line num="119" count="59" type="stmt"/>
      <line num="120" count="413" type="stmt"/>
      <line num="123" count="59" type="stmt"/>
      <line num="130" count="11" type="cond" truecount="3" falsecount="0"/>
      <line num="131" count="1" type="stmt"/>
      <line num="134" count="10" type="cond" truecount="1" falsecount="0"/>
      <line num="135" count="1" type="stmt"/>
      <line num="138" count="9" type="cond" truecount="1" falsecount="0"/>
      <line num="139" count="2" type="stmt"/>
      <line num="142" count="8" type="stmt"/>
      <line num="143" count="8" type="stmt"/>
      <line num="144" count="14" type="stmt"/>
      <line num="145" count="115" type="cond" truecount="2" falsecount="0"/>
      <line num="146" count="5" type="stmt"/>
      <line num="147" count="9" type="cond" truecount="4" falsecount="0"/>
      <line num="148" count="2" type="stmt"/>
      <line num="150" count="7" type="stmt"/>
      <line num="154" count="8" type="stmt"/>
      <line num="161" count="43" type="stmt"/>
      <line num="162" count="43" type="stmt"/>
      <line num="164" count="43" type="cond" truecount="1" falsecount="0"/>
      <line num="165" count="6" type="stmt"/>
      <line num="166" count="6" type="stmt"/>
      <line num="167" count="6" type="stmt"/>
      <line num="168" count="6" type="stmt"/>
      <line num="170" count="0" type="stmt"/>
      <line num="174" count="43" type="stmt"/>
      <line num="181" count="2" type="cond" truecount="1" falsecount="0"/>
      <line num="182" count="1" type="stmt"/>
      <line num="183" count="1" type="stmt"/>
      <line num="191" count="31" type="cond" truecount="1" falsecount="0"/>
      <line num="192" count="28" type="stmt"/>
      <line num="193" count="28" type="stmt"/>
      <line num="201" count="2" type="cond" truecount="1" falsecount="0"/>
      <line num="202" count="1" type="stmt"/>
      <line num="203" count="1" type="stmt"/>
      <line num="211" count="13" type="cond" truecount="1" falsecount="0"/>
      <line num="212" count="13" type="stmt"/>
      <line num="214" count="13" type="cond" truecount="2" falsecount="0"/>
      <line num="215" count="10" type="cond" truecount="1" falsecount="1"/>
      <line num="216" count="3" type="cond" truecount="1" falsecount="0"/>
      <line num="217" count="1" type="stmt"/>
      <line num="220" count="13" type="stmt"/>
      <line num="221" count="13" type="stmt"/>
      <line num="229" count="0" type="stmt"/>
      <line num="236" count="2" type="stmt"/>
      <line num="237" count="2" type="stmt"/>
    </file>
  </project>
</coverage>
