{"D:\\Rafael\\Programacao\\GitissueBridge\\gitissue-bridge\\src\\utils\\errorHandler.ts": {"path":"D:\\Rafael\\Programacao\\GitissueBridge\\gitissue-bridge\\src\\utils\\errorHandler.ts","statementMap":{"0":{"start":{"line":176,"column":0},"end":{"line":176,"column":16}},"1":{"start":{"line":1,"column":0},"end":{"line":1,"column":33}},"2":{"start":{"line":2,"column":0},"end":{"line":2,"column":37}},"3":{"start":{"line":7,"column":0},"end":{"line":7,"column":null}},"4":{"start":{"line":8,"column":2},"end":{"line":8,"column":null}},"5":{"start":{"line":9,"column":2},"end":{"line":9,"column":null}},"6":{"start":{"line":10,"column":2},"end":{"line":10,"column":null}},"7":{"start":{"line":28,"column":19},"end":{"line":28,"column":30}},"8":{"start":{"line":36,"column":4},"end":{"line":38,"column":5}},"9":{"start":{"line":37,"column":6},"end":{"line":37,"column":49}},"10":{"start":{"line":39,"column":4},"end":{"line":39,"column":33}},"11":{"start":{"line":46,"column":4},"end":{"line":65,"column":5}},"12":{"start":{"line":48,"column":6},"end":{"line":50,"column":7}},"13":{"start":{"line":49,"column":8},"end":{"line":49,"column":100}},"14":{"start":{"line":51,"column":6},"end":{"line":53,"column":7}},"15":{"start":{"line":52,"column":8},"end":{"line":52,"column":72}},"16":{"start":{"line":54,"column":6},"end":{"line":56,"column":7}},"17":{"start":{"line":55,"column":8},"end":{"line":55,"column":80}},"18":{"start":{"line":57,"column":6},"end":{"line":59,"column":7}},"19":{"start":{"line":58,"column":8},"end":{"line":58,"column":88}},"20":{"start":{"line":60,"column":6},"end":{"line":62,"column":7}},"21":{"start":{"line":61,"column":8},"end":{"line":61,"column":73}},"22":{"start":{"line":64,"column":6},"end":{"line":64,"column":27}},"23":{"start":{"line":67,"column":4},"end":{"line":69,"column":5}},"24":{"start":{"line":68,"column":6},"end":{"line":68,"column":19}},"25":{"start":{"line":71,"column":4},"end":{"line":71,"column":83}},"26":{"start":{"line":82,"column":24},"end":{"line":82,"column":50}},"27":{"start":{"line":83,"column":22},"end":{"line":83,"column":63}},"28":{"start":{"line":84,"column":22},"end":{"line":84,"column":63}},"29":{"start":{"line":87,"column":4},"end":{"line":87,"column":93}},"30":{"start":{"line":90,"column":20},"end":{"line":90,"column":44}},"31":{"start":{"line":94,"column":4},"end":{"line":104,"column":5}},"32":{"start":{"line":96,"column":8},"end":{"line":96,"column":93}},"33":{"start":{"line":97,"column":8},"end":{"line":97,"column":14}},"34":{"start":{"line":99,"column":8},"end":{"line":99,"column":89}},"35":{"start":{"line":100,"column":8},"end":{"line":100,"column":14}},"36":{"start":{"line":102,"column":8},"end":{"line":102,"column":87}},"37":{"start":{"line":103,"column":8},"end":{"line":103,"column":14}},"38":{"start":{"line":107,"column":4},"end":{"line":109,"column":5}},"39":{"start":{"line":108,"column":6},"end":{"line":108,"column":25}},"40":{"start":{"line":120,"column":4},"end":{"line":120,"column":48}},"41":{"start":{"line":121,"column":4},"end":{"line":121,"column":17}},"42":{"start":{"line":128,"column":4},"end":{"line":128,"column":75}},"43":{"start":{"line":135,"column":4},"end":{"line":135,"column":63}},"44":{"start":{"line":142,"column":4},"end":{"line":142,"column":75}},"45":{"start":{"line":152,"column":4},"end":{"line":157,"column":5}},"46":{"start":{"line":153,"column":6},"end":{"line":153,"column":31}},"47":{"start":{"line":155,"column":6},"end":{"line":155,"column":40}},"48":{"start":{"line":156,"column":6},"end":{"line":156,"column":23}},"49":{"start":{"line":164,"column":4},"end":{"line":169,"column":5}},"50":{"start":{"line":165,"column":6},"end":{"line":165,"column":25}},"51":{"start":{"line":167,"column":6},"end":{"line":167,"column":39}},"52":{"start":{"line":168,"column":6},"end":{"line":168,"column":23}},"53":{"start":{"line":26,"column":0},"end":{"line":26,"column":13}},"54":{"start":{"line":177,"column":2},"end":{"line":177,"column":36}}},"fnMap":{"0":{"name":"(anonymous_9)","decl":{"start":{"line":7,"column":0},"end":{"line":7,"column":12}},"loc":{"start":{"line":7,"column":25},"end":{"line":11,"column":1}}},"1":{"name":"(anonymous_10)","decl":{"start":{"line":30,"column":2},"end":{"line":30,"column":25}},"loc":{"start":{"line":30,"column":2},"end":{"line":30,"column":26}}},"2":{"name":"(anonymous_11)","decl":{"start":{"line":35,"column":9},"end":{"line":35,"column":15}},"loc":{"start":{"line":35,"column":27},"end":{"line":40,"column":3}}},"3":{"name":"(anonymous_12)","decl":{"start":{"line":45,"column":10},"end":{"line":45,"column":24}},"loc":{"start":{"line":45,"column":39},"end":{"line":72,"column":3}}},"4":{"name":"(anonymous_13)","decl":{"start":{"line":77,"column":9},"end":{"line":77,"column":14}},"loc":{"start":{"line":80,"column":49},"end":{"line":110,"column":3}}},"5":{"name":"(anonymous_14)","decl":{"start":{"line":115,"column":9},"end":{"line":115,"column":14}},"loc":{"start":{"line":118,"column":49},"end":{"line":122,"column":3}}},"6":{"name":"(anonymous_15)","decl":{"start":{"line":127,"column":9},"end":{"line":127,"column":14}},"loc":{"start":{"line":127,"column":50},"end":{"line":129,"column":3}}},"7":{"name":"(anonymous_16)","decl":{"start":{"line":134,"column":9},"end":{"line":134,"column":14}},"loc":{"start":{"line":134,"column":42},"end":{"line":136,"column":3}}},"8":{"name":"(anonymous_17)","decl":{"start":{"line":141,"column":9},"end":{"line":141,"column":14}},"loc":{"start":{"line":141,"column":61},"end":{"line":143,"column":3}}},"9":{"name":"(anonymous_18)","decl":{"start":{"line":148,"column":9},"end":{"line":148,"column":14}},"loc":{"start":{"line":150,"column":25},"end":{"line":158,"column":3}}},"10":{"name":"(anonymous_19)","decl":{"start":{"line":163,"column":9},"end":{"line":163,"column":13}},"loc":{"start":{"line":163,"column":58},"end":{"line":170,"column":3}}},"11":{"name":"getErrorHandler","decl":{"start":{"line":176,"column":16},"end":{"line":176,"column":31}},"loc":{"start":{"line":176,"column":31},"end":{"line":178,"column":1}}}},"branchMap":{"0":{"loc":{"start":{"line":7,"column":12},"end":{"line":7,"column":null}},"type":"binary-expr","locations":[{"start":{"line":7,"column":12},"end":{"line":7,"column":25}},{"start":{"line":7,"column":25},"end":{"line":7,"column":null}}]},"1":{"loc":{"start":{"line":36,"column":4},"end":{"line":38,"column":5}},"type":"if","locations":[{"start":{"line":36,"column":4},"end":{"line":38,"column":5}}]},"2":{"loc":{"start":{"line":46,"column":4},"end":{"line":65,"column":5}},"type":"if","locations":[{"start":{"line":46,"column":4},"end":{"line":65,"column":5}}]},"3":{"loc":{"start":{"line":48,"column":6},"end":{"line":50,"column":7}},"type":"if","locations":[{"start":{"line":48,"column":6},"end":{"line":50,"column":7}}]},"4":{"loc":{"start":{"line":51,"column":6},"end":{"line":53,"column":7}},"type":"if","locations":[{"start":{"line":51,"column":6},"end":{"line":53,"column":7}}]},"5":{"loc":{"start":{"line":51,"column":10},"end":{"line":51,"column":81}},"type":"binary-expr","locations":[{"start":{"line":51,"column":10},"end":{"line":51,"column":39}},{"start":{"line":51,"column":43},"end":{"line":51,"column":81}}]},"6":{"loc":{"start":{"line":54,"column":6},"end":{"line":56,"column":7}},"type":"if","locations":[{"start":{"line":54,"column":6},"end":{"line":56,"column":7}}]},"7":{"loc":{"start":{"line":54,"column":10},"end":{"line":54,"column":78}},"type":"binary-expr","locations":[{"start":{"line":54,"column":10},"end":{"line":54,"column":39}},{"start":{"line":54,"column":43},"end":{"line":54,"column":78}}]},"8":{"loc":{"start":{"line":57,"column":6},"end":{"line":59,"column":7}},"type":"if","locations":[{"start":{"line":57,"column":6},"end":{"line":59,"column":7}}]},"9":{"loc":{"start":{"line":57,"column":10},"end":{"line":57,"column":78}},"type":"binary-expr","locations":[{"start":{"line":57,"column":10},"end":{"line":57,"column":39}},{"start":{"line":57,"column":43},"end":{"line":57,"column":78}}]},"10":{"loc":{"start":{"line":60,"column":6},"end":{"line":62,"column":7}},"type":"if","locations":[{"start":{"line":60,"column":6},"end":{"line":62,"column":7}}]},"11":{"loc":{"start":{"line":67,"column":4},"end":{"line":69,"column":5}},"type":"if","locations":[{"start":{"line":67,"column":4},"end":{"line":69,"column":5}}]},"12":{"loc":{"start":{"line":80,"column":4},"end":{"line":80,"column":49}},"type":"default-arg","locations":[{"start":{"line":80,"column":30},"end":{"line":80,"column":49}}]},"13":{"loc":{"start":{"line":83,"column":22},"end":{"line":83,"column":63}},"type":"binary-expr","locations":[{"start":{"line":83,"column":22},"end":{"line":83,"column":40}},{"start":{"line":83,"column":44},"end":{"line":83,"column":63}}]},"14":{"loc":{"start":{"line":84,"column":22},"end":{"line":84,"column":63}},"type":"binary-expr","locations":[{"start":{"line":84,"column":22},"end":{"line":84,"column":40}},{"start":{"line":84,"column":44},"end":{"line":84,"column":63}}]},"15":{"loc":{"start":{"line":94,"column":4},"end":{"line":104,"column":5}},"type":"switch","locations":[{"start":{"line":95,"column":6},"end":{"line":97,"column":14}},{"start":{"line":98,"column":6},"end":{"line":100,"column":14}},{"start":{"line":101,"column":6},"end":{"line":103,"column":14}}]},"16":{"loc":{"start":{"line":107,"column":4},"end":{"line":109,"column":5}},"type":"if","locations":[{"start":{"line":107,"column":4},"end":{"line":109,"column":5}}]},"17":{"loc":{"start":{"line":118,"column":4},"end":{"line":118,"column":49}},"type":"default-arg","locations":[{"start":{"line":118,"column":30},"end":{"line":118,"column":49}}]}},"s":{"0":1,"1":1,"2":1,"3":1,"4":1,"5":1,"6":1,"7":1,"8":16,"9":1,"10":16,"11":8,"12":8,"13":0,"14":8,"15":0,"16":8,"17":0,"18":8,"19":0,"20":8,"21":0,"22":8,"23":0,"24":0,"25":0,"26":8,"27":8,"28":8,"29":8,"30":8,"31":8,"32":1,"33":1,"34":1,"35":1,"36":6,"37":6,"38":8,"39":0,"40":1,"41":1,"42":0,"43":0,"44":0,"45":2,"46":2,"47":1,"48":1,"49":2,"50":2,"51":1,"52":1,"53":1,"54":1},"f":{"0":1,"1":1,"2":16,"3":8,"4":8,"5":1,"6":0,"7":0,"8":0,"9":2,"10":2,"11":1},"b":{"0":[1,1],"1":[1],"2":[8],"3":[0],"4":[0],"5":[8,8],"6":[0],"7":[8,8],"8":[0],"9":[8,8],"10":[0],"11":[0],"12":[3],"13":[8,4],"14":[8,4],"15":[1,1,6],"16":[0],"17":[1]}}
,"D:\\Rafael\\Programacao\\GitissueBridge\\gitissue-bridge\\src\\utils\\logger.ts": {"path":"D:\\Rafael\\Programacao\\GitissueBridge\\gitissue-bridge\\src\\utils\\logger.ts","statementMap":{"0":{"start":{"line":236,"column":0},"end":{"line":236,"column":16}},"1":{"start":{"line":1,"column":0},"end":{"line":1,"column":33}},"2":{"start":{"line":6,"column":0},"end":{"line":6,"column":null}},"3":{"start":{"line":7,"column":2},"end":{"line":7,"column":null}},"4":{"start":{"line":8,"column":2},"end":{"line":8,"column":null}},"5":{"start":{"line":9,"column":2},"end":{"line":9,"column":null}},"6":{"start":{"line":10,"column":2},"end":{"line":10,"column":null}},"7":{"start":{"line":20,"column":31},"end":{"line":20,"column":44}},"8":{"start":{"line":25,"column":39},"end":{"line":42,"column":4}},"9":{"start":{"line":47,"column":37},"end":{"line":60,"column":4}},"10":{"start":{"line":63,"column":4},"end":{"line":63,"column":78}},"11":{"start":{"line":70,"column":4},"end":{"line":72,"column":5}},"12":{"start":{"line":71,"column":6},"end":{"line":71,"column":37}},"13":{"start":{"line":73,"column":4},"end":{"line":73,"column":27}},"14":{"start":{"line":80,"column":4},"end":{"line":80,"column":26}},"15":{"start":{"line":81,"column":4},"end":{"line":81,"column":53}},"16":{"start":{"line":88,"column":4},"end":{"line":88,"column":25}},"17":{"start":{"line":95,"column":4},"end":{"line":95,"column":30}},"18":{"start":{"line":102,"column":4},"end":{"line":102,"column":30}},"19":{"start":{"line":109,"column":4},"end":{"line":109,"column":31}},"20":{"start":{"line":116,"column":20},"end":{"line":116,"column":27}},"21":{"start":{"line":119,"column":4},"end":{"line":121,"column":5}},"22":{"start":{"line":120,"column":6},"end":{"line":120,"column":58}},"23":{"start":{"line":123,"column":4},"end":{"line":123,"column":21}},"24":{"start":{"line":130,"column":4},"end":{"line":132,"column":5}},"25":{"start":{"line":131,"column":6},"end":{"line":131,"column":17}},"26":{"start":{"line":134,"column":4},"end":{"line":136,"column":5}},"27":{"start":{"line":135,"column":6},"end":{"line":135,"column":17}},"28":{"start":{"line":138,"column":4},"end":{"line":140,"column":5}},"29":{"start":{"line":139,"column":6},"end":{"line":139,"column":56}},"30":{"start":{"line":139,"column":29},"end":{"line":139,"column":54}},"31":{"start":{"line":142,"column":47},"end":{"line":142,"column":49}},"32":{"start":{"line":143,"column":4},"end":{"line":152,"column":5}},"33":{"start":{"line":144,"column":23},"end":{"line":144,"column":40}},"34":{"start":{"line":145,"column":6},"end":{"line":151,"column":7}},"35":{"start":{"line":145,"column":45},"end":{"line":145,"column":83}},"36":{"start":{"line":146,"column":8},"end":{"line":146,"column":38}},"37":{"start":{"line":147,"column":13},"end":{"line":151,"column":7}},"38":{"start":{"line":148,"column":8},"end":{"line":148,"column":52}},"39":{"start":{"line":150,"column":8},"end":{"line":150,"column":31}},"40":{"start":{"line":154,"column":4},"end":{"line":154,"column":21}},"41":{"start":{"line":161,"column":22},"end":{"line":161,"column":46}},"42":{"start":{"line":162,"column":20},"end":{"line":162,"column":73}},"43":{"start":{"line":164,"column":4},"end":{"line":172,"column":5}},"44":{"start":{"line":165,"column":6},"end":{"line":171,"column":7}},"45":{"start":{"line":166,"column":30},"end":{"line":166,"column":55}},"46":{"start":{"line":167,"column":24},"end":{"line":167,"column":62}},"47":{"start":{"line":168,"column":8},"end":{"line":168,"column":51}},"48":{"start":{"line":170,"column":8},"end":{"line":170,"column":59}},"49":{"start":{"line":174,"column":4},"end":{"line":174,"column":21}},"50":{"start":{"line":181,"column":4},"end":{"line":184,"column":5}},"51":{"start":{"line":182,"column":24},"end":{"line":182,"column":66}},"52":{"start":{"line":183,"column":6},"end":{"line":183,"column":47}},"53":{"start":{"line":191,"column":4},"end":{"line":194,"column":5}},"54":{"start":{"line":192,"column":24},"end":{"line":192,"column":65}},"55":{"start":{"line":193,"column":6},"end":{"line":193,"column":47}},"56":{"start":{"line":201,"column":4},"end":{"line":204,"column":5}},"57":{"start":{"line":202,"column":24},"end":{"line":202,"column":65}},"58":{"start":{"line":203,"column":6},"end":{"line":203,"column":47}},"59":{"start":{"line":211,"column":4},"end":{"line":222,"column":5}},"60":{"start":{"line":212,"column":25},"end":{"line":212,"column":27}},"61":{"start":{"line":214,"column":6},"end":{"line":218,"column":7}},"62":{"start":{"line":215,"column":8},"end":{"line":215,"column":95}},"63":{"start":{"line":216,"column":13},"end":{"line":218,"column":7}},"64":{"start":{"line":217,"column":8},"end":{"line":217,"column":80}},"65":{"start":{"line":220,"column":24},"end":{"line":220,"column":81}},"66":{"start":{"line":221,"column":6},"end":{"line":221,"column":47}},"67":{"start":{"line":229,"column":4},"end":{"line":229,"column":33}},"68":{"start":{"line":17,"column":0},"end":{"line":17,"column":13}},"69":{"start":{"line":237,"column":2},"end":{"line":237,"column":30}}},"fnMap":{"0":{"name":"(anonymous_9)","decl":{"start":{"line":6,"column":0},"end":{"line":6,"column":12}},"loc":{"start":{"line":6,"column":20},"end":{"line":11,"column":1}}},"1":{"name":"(anonymous_10)","decl":{"start":{"line":62,"column":2},"end":{"line":62,"column":null}},"loc":{"start":{"line":62,"column":2},"end":{"line":64,"column":3}}},"2":{"name":"(anonymous_11)","decl":{"start":{"line":69,"column":9},"end":{"line":69,"column":15}},"loc":{"start":{"line":69,"column":27},"end":{"line":74,"column":3}}},"3":{"name":"(anonymous_12)","decl":{"start":{"line":79,"column":9},"end":{"line":79,"column":20}},"loc":{"start":{"line":79,"column":36},"end":{"line":82,"column":3}}},"4":{"name":"(anonymous_13)","decl":{"start":{"line":87,"column":9},"end":{"line":87,"column":20}},"loc":{"start":{"line":87,"column":20},"end":{"line":89,"column":3}}},"5":{"name":"(anonymous_14)","decl":{"start":{"line":94,"column":9},"end":{"line":94,"column":13}},"loc":{"start":{"line":94,"column":13},"end":{"line":96,"column":3}}},"6":{"name":"(anonymous_15)","decl":{"start":{"line":101,"column":9},"end":{"line":101,"column":13}},"loc":{"start":{"line":101,"column":13},"end":{"line":103,"column":3}}},"7":{"name":"(anonymous_16)","decl":{"start":{"line":108,"column":9},"end":{"line":108,"column":14}},"loc":{"start":{"line":108,"column":14},"end":{"line":110,"column":3}}},"8":{"name":"(anonymous_17)","decl":{"start":{"line":115,"column":10},"end":{"line":115,"column":18}},"loc":{"start":{"line":115,"column":34},"end":{"line":124,"column":3}}},"9":{"name":"(anonymous_18)","decl":{"start":{"line":129,"column":10},"end":{"line":129,"column":24}},"loc":{"start":{"line":129,"column":37},"end":{"line":155,"column":3}}},"10":{"name":"(anonymous_19)","decl":{"start":{"line":139,"column":21},"end":{"line":139,"column":25}},"loc":{"start":{"line":139,"column":29},"end":{"line":139,"column":54}}},"11":{"name":"(anonymous_20)","decl":{"start":{"line":145,"column":36},"end":{"line":145,"column":41}},"loc":{"start":{"line":145,"column":45},"end":{"line":145,"column":83}}},"12":{"name":"(anonymous_21)","decl":{"start":{"line":160,"column":10},"end":{"line":160,"column":23}},"loc":{"start":{"line":160,"column":70},"end":{"line":175,"column":3}}},"13":{"name":"(anonymous_22)","decl":{"start":{"line":180,"column":9},"end":{"line":180,"column":14}},"loc":{"start":{"line":180,"column":46},"end":{"line":185,"column":3}}},"14":{"name":"(anonymous_23)","decl":{"start":{"line":190,"column":9},"end":{"line":190,"column":13}},"loc":{"start":{"line":190,"column":45},"end":{"line":195,"column":3}}},"15":{"name":"(anonymous_24)","decl":{"start":{"line":200,"column":9},"end":{"line":200,"column":13}},"loc":{"start":{"line":200,"column":45},"end":{"line":205,"column":3}}},"16":{"name":"(anonymous_25)","decl":{"start":{"line":210,"column":9},"end":{"line":210,"column":14}},"loc":{"start":{"line":210,"column":63},"end":{"line":223,"column":3}}},"17":{"name":"(anonymous_26)","decl":{"start":{"line":228,"column":9},"end":{"line":228,"column":16}},"loc":{"start":{"line":228,"column":16},"end":{"line":230,"column":3}}},"18":{"name":"getLogger","decl":{"start":{"line":236,"column":16},"end":{"line":236,"column":25}},"loc":{"start":{"line":236,"column":25},"end":{"line":238,"column":1}}}},"branchMap":{"0":{"loc":{"start":{"line":6,"column":12},"end":{"line":6,"column":null}},"type":"binary-expr","locations":[{"start":{"line":6,"column":12},"end":{"line":6,"column":20}},{"start":{"line":6,"column":20},"end":{"line":6,"column":null}}]},"1":{"loc":{"start":{"line":70,"column":4},"end":{"line":72,"column":5}},"type":"if","locations":[{"start":{"line":70,"column":4},"end":{"line":72,"column":5}}]},"2":{"loc":{"start":{"line":130,"column":4},"end":{"line":132,"column":5}},"type":"if","locations":[{"start":{"line":130,"column":4},"end":{"line":132,"column":5}}]},"3":{"loc":{"start":{"line":130,"column":8},"end":{"line":130,"column":41}},"type":"binary-expr","locations":[{"start":{"line":130,"column":8},"end":{"line":130,"column":20}},{"start":{"line":130,"column":24},"end":{"line":130,"column":41}}]},"4":{"loc":{"start":{"line":134,"column":4},"end":{"line":136,"column":5}},"type":"if","locations":[{"start":{"line":134,"column":4},"end":{"line":136,"column":5}}]},"5":{"loc":{"start":{"line":138,"column":4},"end":{"line":140,"column":5}},"type":"if","locations":[{"start":{"line":138,"column":4},"end":{"line":140,"column":5}}]},"6":{"loc":{"start":{"line":145,"column":6},"end":{"line":151,"column":7}},"type":"if","locations":[{"start":{"line":145,"column":6},"end":{"line":151,"column":7}},{"start":{"line":147,"column":13},"end":{"line":151,"column":7}}]},"7":{"loc":{"start":{"line":147,"column":13},"end":{"line":151,"column":7}},"type":"if","locations":[{"start":{"line":147,"column":13},"end":{"line":151,"column":7}},{"start":{"line":149,"column":13},"end":{"line":151,"column":7}}]},"8":{"loc":{"start":{"line":147,"column":17},"end":{"line":147,"column":60}},"type":"binary-expr","locations":[{"start":{"line":147,"column":17},"end":{"line":147,"column":42}},{"start":{"line":147,"column":46},"end":{"line":147,"column":60}}]},"9":{"loc":{"start":{"line":164,"column":4},"end":{"line":172,"column":5}},"type":"if","locations":[{"start":{"line":164,"column":4},"end":{"line":172,"column":5}}]},"10":{"loc":{"start":{"line":181,"column":4},"end":{"line":184,"column":5}},"type":"if","locations":[{"start":{"line":181,"column":4},"end":{"line":184,"column":5}}]},"11":{"loc":{"start":{"line":191,"column":4},"end":{"line":194,"column":5}},"type":"if","locations":[{"start":{"line":191,"column":4},"end":{"line":194,"column":5}}]},"12":{"loc":{"start":{"line":201,"column":4},"end":{"line":204,"column":5}},"type":"if","locations":[{"start":{"line":201,"column":4},"end":{"line":204,"column":5}}]},"13":{"loc":{"start":{"line":211,"column":4},"end":{"line":222,"column":5}},"type":"if","locations":[{"start":{"line":211,"column":4},"end":{"line":222,"column":5}}]},"14":{"loc":{"start":{"line":214,"column":6},"end":{"line":218,"column":7}},"type":"if","locations":[{"start":{"line":214,"column":6},"end":{"line":218,"column":7}},{"start":{"line":216,"column":13},"end":{"line":218,"column":7}}]},"15":{"loc":{"start":{"line":215,"column":74},"end":{"line":215,"column":91}},"type":"binary-expr","locations":[{"start":{"line":215,"column":74},"end":{"line":215,"column":85}},{"start":{"line":215,"column":89},"end":{"line":215,"column":91}}]},"16":{"loc":{"start":{"line":216,"column":13},"end":{"line":218,"column":7}},"type":"if","locations":[{"start":{"line":216,"column":13},"end":{"line":218,"column":7}}]}},"s":{"0":2,"1":2,"2":2,"3":2,"4":2,"5":2,"6":2,"7":2,"8":2,"9":2,"10":2,"11":24,"12":2,"13":24,"14":23,"15":23,"16":2,"17":1,"18":1,"19":21,"20":59,"21":59,"22":413,"23":59,"24":11,"25":1,"26":10,"27":1,"28":9,"29":1,"30":2,"31":8,"32":8,"33":14,"34":14,"35":115,"36":5,"37":9,"38":2,"39":7,"40":8,"41":43,"42":43,"43":43,"44":6,"45":6,"46":6,"47":6,"48":0,"49":43,"50":2,"51":1,"52":1,"53":31,"54":28,"55":28,"56":2,"57":1,"58":1,"59":13,"60":13,"61":13,"62":10,"63":3,"64":1,"65":13,"66":13,"67":0,"68":2,"69":2},"f":{"0":2,"1":2,"2":24,"3":23,"4":2,"5":1,"6":1,"7":21,"8":59,"9":11,"10":2,"11":115,"12":43,"13":2,"14":31,"15":2,"16":13,"17":0,"18":2},"b":{"0":[2,2],"1":[2],"2":[1],"3":[11,10],"4":[1],"5":[1],"6":[5,9],"7":[2,7],"8":[9,2],"9":[6],"10":[1],"11":[28],"12":[1],"13":[13],"14":[10,3],"15":[10,0],"16":[1]}}
}
