TN:
SF:src\auth\githubAuthManager.ts
FN:22,(anonymous_9)
FN:24,(anonymous_10)
FN:35,(anonymous_11)
FN:46,(anonymous_12)
FN:73,(anonymous_13)
FN:110,(anonymous_14)
FN:140,(anonymous_15)
FN:158,(anonymous_16)
FN:171,(anonymous_17)
FN:186,(anonymous_18)
FN:218,getGitHubAuthManager
FNF:11
FNH:9
FNDA:24,(anonymous_9)
FNDA:0,(anonymous_10)
FNDA:27,(anonymous_11)
FNDA:0,(anonymous_12)
FNDA:13,(anonymous_13)
FNDA:7,(anonymous_14)
FNDA:3,(anonymous_15)
FNDA:5,(anonymous_16)
FNDA:2,(anonymous_17)
FNDA:4,(anonymous_18)
FNDA:1,getGitHubAuthManager
DA:1,1
DA:2,1
DA:3,1
DA:9,1
DA:16,1
DA:18,24
DA:24,24
DA:25,0
DA:26,0
DA:27,0
DA:36,27
DA:37,24
DA:39,27
DA:47,0
DA:49,0
DA:53,0
DA:54,0
DA:55,0
DA:57,0
DA:58,0
DA:61,0
DA:62,0
DA:63,0
DA:74,13
DA:75,13
DA:78,13
DA:82,11
DA:83,2
DA:84,2
DA:87,9
DA:88,9
DA:90,9
DA:95,8
DA:97,3
DA:98,3
DA:99,3
DA:100,3
DA:111,7
DA:113,7
DA:118,6
DA:119,6
DA:121,6
DA:123,2
DA:124,2
DA:127,6
DA:129,1
DA:130,1
DA:141,3
DA:143,3
DA:144,1
DA:145,1
DA:148,2
DA:149,2
DA:159,5
DA:160,2
DA:162,5
DA:172,2
DA:173,1
DA:174,1
DA:177,1
DA:187,4
DA:188,4
DA:189,1
DA:190,1
DA:193,3
DA:198,3
DA:199,3
DA:200,3
DA:202,3
DA:203,3
DA:207,2
DA:209,1
DA:210,1
DA:218,1
DA:219,1
LF:75
LH:62
BRDA:25,0,0,0
BRDA:36,1,0,24
BRDA:53,2,0,0
BRDA:53,2,1,0
BRDA:82,3,0,2
BRDA:119,4,0,2
BRDA:119,4,1,4
BRDA:121,5,0,2
BRDA:121,6,0,6
BRDA:121,6,1,2
BRDA:143,7,0,1
BRDA:159,8,0,2
BRDA:172,9,0,1
BRDA:188,10,0,1
BRF:14
BRH:11
end_of_record
TN:
SF:src\utils\errorHandler.ts
FN:7,(anonymous_9)
FN:30,(anonymous_10)
FN:35,(anonymous_11)
FN:45,(anonymous_12)
FN:77,(anonymous_13)
FN:115,(anonymous_14)
FN:127,(anonymous_15)
FN:134,(anonymous_16)
FN:141,(anonymous_17)
FN:148,(anonymous_18)
FN:163,(anonymous_19)
FN:176,getErrorHandler
FNF:12
FNH:9
FNDA:1,(anonymous_9)
FNDA:1,(anonymous_10)
FNDA:16,(anonymous_11)
FNDA:8,(anonymous_12)
FNDA:8,(anonymous_13)
FNDA:1,(anonymous_14)
FNDA:0,(anonymous_15)
FNDA:0,(anonymous_16)
FNDA:0,(anonymous_17)
FNDA:2,(anonymous_18)
FNDA:2,(anonymous_19)
FNDA:1,getErrorHandler
DA:1,1
DA:2,1
DA:7,1
DA:8,1
DA:9,1
DA:10,1
DA:26,1
DA:28,1
DA:36,16
DA:37,1
DA:39,16
DA:46,8
DA:48,8
DA:49,0
DA:51,8
DA:52,0
DA:54,8
DA:55,0
DA:57,8
DA:58,0
DA:60,8
DA:61,0
DA:64,8
DA:67,0
DA:68,0
DA:71,0
DA:82,8
DA:83,8
DA:84,8
DA:87,8
DA:90,8
DA:94,8
DA:96,1
DA:97,1
DA:99,1
DA:100,1
DA:102,6
DA:103,6
DA:107,8
DA:108,0
DA:120,1
DA:121,1
DA:128,0
DA:135,0
DA:142,0
DA:152,2
DA:153,2
DA:155,1
DA:156,1
DA:164,2
DA:165,2
DA:167,1
DA:168,1
DA:176,1
DA:177,1
LF:55
LH:43
BRDA:7,0,0,1
BRDA:7,0,1,1
BRDA:36,1,0,1
BRDA:46,2,0,8
BRDA:48,3,0,0
BRDA:51,4,0,0
BRDA:51,5,0,8
BRDA:51,5,1,8
BRDA:54,6,0,0
BRDA:54,7,0,8
BRDA:54,7,1,8
BRDA:57,8,0,0
BRDA:57,9,0,8
BRDA:57,9,1,8
BRDA:60,10,0,0
BRDA:67,11,0,0
BRDA:80,12,0,3
BRDA:83,13,0,8
BRDA:83,13,1,4
BRDA:84,14,0,8
BRDA:84,14,1,4
BRDA:94,15,0,1
BRDA:94,15,1,1
BRDA:94,15,2,6
BRDA:107,16,0,0
BRDA:118,17,0,1
BRF:26
BRH:19
end_of_record
TN:
SF:src\utils\logger.ts
FN:6,(anonymous_9)
FN:62,(anonymous_10)
FN:69,(anonymous_11)
FN:79,(anonymous_12)
FN:87,(anonymous_13)
FN:94,(anonymous_14)
FN:101,(anonymous_15)
FN:108,(anonymous_16)
FN:115,(anonymous_17)
FN:129,(anonymous_18)
FN:139,(anonymous_19)
FN:145,(anonymous_20)
FN:160,(anonymous_21)
FN:180,(anonymous_22)
FN:190,(anonymous_23)
FN:200,(anonymous_24)
FN:210,(anonymous_25)
FN:228,(anonymous_26)
FN:236,getLogger
FNF:19
FNH:18
FNDA:4,(anonymous_9)
FNDA:4,(anonymous_10)
FNDA:49,(anonymous_11)
FNDA:23,(anonymous_12)
FNDA:2,(anonymous_13)
FNDA:1,(anonymous_14)
FNDA:1,(anonymous_15)
FNDA:21,(anonymous_16)
FNDA:136,(anonymous_17)
FNDA:43,(anonymous_18)
FNDA:18,(anonymous_19)
FNDA:307,(anonymous_20)
FNDA:107,(anonymous_21)
FNDA:15,(anonymous_22)
FNDA:72,(anonymous_23)
FNDA:19,(anonymous_24)
FNDA:19,(anonymous_25)
FNDA:0,(anonymous_26)
FNDA:27,getLogger
DA:1,4
DA:6,4
DA:7,4
DA:8,4
DA:9,4
DA:10,4
DA:17,4
DA:20,4
DA:25,4
DA:47,4
DA:63,4
DA:70,49
DA:71,4
DA:73,49
DA:80,23
DA:81,23
DA:88,2
DA:95,1
DA:102,1
DA:109,21
DA:116,136
DA:119,136
DA:120,952
DA:123,136
DA:130,43
DA:131,1
DA:134,42
DA:135,17
DA:138,25
DA:139,18
DA:142,16
DA:143,16
DA:144,30
DA:145,307
DA:146,5
DA:147,25
DA:148,10
DA:150,15
DA:154,16
DA:161,107
DA:162,107
DA:164,107
DA:165,14
DA:166,14
DA:167,14
DA:168,14
DA:170,0
DA:174,107
DA:181,15
DA:182,1
DA:183,1
DA:191,72
DA:192,69
DA:193,69
DA:201,19
DA:202,18
DA:203,18
DA:211,19
DA:212,19
DA:214,19
DA:215,15
DA:216,4
DA:217,1
DA:220,19
DA:221,19
DA:229,0
DA:236,4
DA:237,27
LF:68
LH:66
BRDA:6,0,0,4
BRDA:6,0,1,4
BRDA:70,1,0,4
BRDA:130,2,0,1
BRDA:130,3,0,43
BRDA:130,3,1,42
BRDA:134,4,0,17
BRDA:138,5,0,9
BRDA:145,6,0,5
BRDA:145,6,1,25
BRDA:147,7,0,10
BRDA:147,7,1,15
BRDA:147,8,0,25
BRDA:147,8,1,10
BRDA:164,9,0,14
BRDA:181,10,0,1
BRDA:191,11,0,69
BRDA:201,12,0,18
BRDA:211,13,0,19
BRDA:214,14,0,15
BRDA:214,14,1,4
BRDA:215,15,0,15
BRDA:215,15,1,0
BRDA:216,16,0,1
BRF:24
BRH:23
end_of_record
TN:
SF:src\utils\workspaceTrustManager.ts
FN:13,(anonymous_9)
FN:18,(anonymous_10)
FN:29,(anonymous_11)
FN:37,(anonymous_12)
FN:53,(anonymous_13)
FN:107,(anonymous_14)
FN:134,(anonymous_15)
FN:136,(anonymous_16)
FN:146,getWorkspaceTrustManager
FNF:9
FNH:9
FNDA:1,(anonymous_9)
FNDA:22,(anonymous_10)
FNDA:12,(anonymous_11)
FNDA:7,(anonymous_12)
FNDA:10,(anonymous_13)
FNDA:4,(anonymous_14)
FNDA:2,(anonymous_15)
FNDA:1,(anonymous_16)
FNDA:1,getWorkspaceTrustManager
DA:1,1
DA:2,1
DA:9,1
DA:11,1
DA:19,22
DA:20,1
DA:22,22
DA:30,12
DA:38,7
DA:40,7
DA:41,3
DA:44,7
DA:55,10
DA:56,2
DA:57,2
DA:60,8
DA:63,8
DA:72,8
DA:73,1
DA:75,1
DA:80,1
DA:83,7
DA:84,2
DA:87,2
DA:92,2
DA:93,2
DA:97,5
DA:98,5
DA:109,4
DA:110,1
DA:111,1
DA:114,1
DA:118,3
DA:120,3
DA:121,2
DA:123,1
DA:126,3
DA:135,2
DA:136,2
DA:137,1
DA:138,1
DA:146,1
DA:147,1
LF:43
LH:43
BRDA:19,0,0,1
BRDA:38,1,0,7
BRDA:38,1,1,5
BRDA:40,2,0,3
BRDA:55,3,0,2
BRDA:72,4,0,1
BRDA:83,5,0,2
BRDA:109,6,0,1
BRDA:120,7,0,2
BRDA:120,7,1,1
BRF:10
BRH:10
end_of_record
