TN:
SF:src\utils\errorHandler.ts
FN:7,(anonymous_9)
FN:30,(anonymous_10)
FN:35,(anonymous_11)
FN:45,(anonymous_12)
FN:77,(anonymous_13)
FN:115,(anonymous_14)
FN:127,(anonymous_15)
FN:134,(anonymous_16)
FN:141,(anonymous_17)
FN:148,(anonymous_18)
FN:163,(anonymous_19)
FN:176,getErrorHandler
FNF:12
FNH:9
FNDA:1,(anonymous_9)
FNDA:1,(anonymous_10)
FNDA:16,(anonymous_11)
FNDA:8,(anonymous_12)
FNDA:8,(anonymous_13)
FNDA:1,(anonymous_14)
FNDA:0,(anonymous_15)
FNDA:0,(anonymous_16)
FNDA:0,(anonymous_17)
FNDA:2,(anonymous_18)
FNDA:2,(anonymous_19)
FNDA:1,getErrorHandler
DA:1,1
DA:2,1
DA:7,1
DA:8,1
DA:9,1
DA:10,1
DA:26,1
DA:28,1
DA:36,16
DA:37,1
DA:39,16
DA:46,8
DA:48,8
DA:49,0
DA:51,8
DA:52,0
DA:54,8
DA:55,0
DA:57,8
DA:58,0
DA:60,8
DA:61,0
DA:64,8
DA:67,0
DA:68,0
DA:71,0
DA:82,8
DA:83,8
DA:84,8
DA:87,8
DA:90,8
DA:94,8
DA:96,1
DA:97,1
DA:99,1
DA:100,1
DA:102,6
DA:103,6
DA:107,8
DA:108,0
DA:120,1
DA:121,1
DA:128,0
DA:135,0
DA:142,0
DA:152,2
DA:153,2
DA:155,1
DA:156,1
DA:164,2
DA:165,2
DA:167,1
DA:168,1
DA:176,1
DA:177,1
LF:55
LH:43
BRDA:7,0,0,1
BRDA:7,0,1,1
BRDA:36,1,0,1
BRDA:46,2,0,8
BRDA:48,3,0,0
BRDA:51,4,0,0
BRDA:51,5,0,8
BRDA:51,5,1,8
BRDA:54,6,0,0
BRDA:54,7,0,8
BRDA:54,7,1,8
BRDA:57,8,0,0
BRDA:57,9,0,8
BRDA:57,9,1,8
BRDA:60,10,0,0
BRDA:67,11,0,0
BRDA:80,12,0,3
BRDA:83,13,0,8
BRDA:83,13,1,4
BRDA:84,14,0,8
BRDA:84,14,1,4
BRDA:94,15,0,1
BRDA:94,15,1,1
BRDA:94,15,2,6
BRDA:107,16,0,0
BRDA:118,17,0,1
BRF:26
BRH:19
end_of_record
TN:
SF:src\utils\logger.ts
FN:6,(anonymous_9)
FN:62,(anonymous_10)
FN:69,(anonymous_11)
FN:79,(anonymous_12)
FN:87,(anonymous_13)
FN:94,(anonymous_14)
FN:101,(anonymous_15)
FN:108,(anonymous_16)
FN:115,(anonymous_17)
FN:129,(anonymous_18)
FN:139,(anonymous_19)
FN:145,(anonymous_20)
FN:160,(anonymous_21)
FN:180,(anonymous_22)
FN:190,(anonymous_23)
FN:200,(anonymous_24)
FN:210,(anonymous_25)
FN:228,(anonymous_26)
FN:236,getLogger
FNF:19
FNH:18
FNDA:2,(anonymous_9)
FNDA:2,(anonymous_10)
FNDA:24,(anonymous_11)
FNDA:23,(anonymous_12)
FNDA:2,(anonymous_13)
FNDA:1,(anonymous_14)
FNDA:1,(anonymous_15)
FNDA:21,(anonymous_16)
FNDA:59,(anonymous_17)
FNDA:11,(anonymous_18)
FNDA:2,(anonymous_19)
FNDA:115,(anonymous_20)
FNDA:43,(anonymous_21)
FNDA:2,(anonymous_22)
FNDA:31,(anonymous_23)
FNDA:2,(anonymous_24)
FNDA:13,(anonymous_25)
FNDA:0,(anonymous_26)
FNDA:2,getLogger
DA:1,2
DA:6,2
DA:7,2
DA:8,2
DA:9,2
DA:10,2
DA:17,2
DA:20,2
DA:25,2
DA:47,2
DA:63,2
DA:70,24
DA:71,2
DA:73,24
DA:80,23
DA:81,23
DA:88,2
DA:95,1
DA:102,1
DA:109,21
DA:116,59
DA:119,59
DA:120,413
DA:123,59
DA:130,11
DA:131,1
DA:134,10
DA:135,1
DA:138,9
DA:139,2
DA:142,8
DA:143,8
DA:144,14
DA:145,115
DA:146,5
DA:147,9
DA:148,2
DA:150,7
DA:154,8
DA:161,43
DA:162,43
DA:164,43
DA:165,6
DA:166,6
DA:167,6
DA:168,6
DA:170,0
DA:174,43
DA:181,2
DA:182,1
DA:183,1
DA:191,31
DA:192,28
DA:193,28
DA:201,2
DA:202,1
DA:203,1
DA:211,13
DA:212,13
DA:214,13
DA:215,10
DA:216,3
DA:217,1
DA:220,13
DA:221,13
DA:229,0
DA:236,2
DA:237,2
LF:68
LH:66
BRDA:6,0,0,2
BRDA:6,0,1,2
BRDA:70,1,0,2
BRDA:130,2,0,1
BRDA:130,3,0,11
BRDA:130,3,1,10
BRDA:134,4,0,1
BRDA:138,5,0,1
BRDA:145,6,0,5
BRDA:145,6,1,9
BRDA:147,7,0,2
BRDA:147,7,1,7
BRDA:147,8,0,9
BRDA:147,8,1,2
BRDA:164,9,0,6
BRDA:181,10,0,1
BRDA:191,11,0,28
BRDA:201,12,0,1
BRDA:211,13,0,13
BRDA:214,14,0,10
BRDA:214,14,1,3
BRDA:215,15,0,10
BRDA:215,15,1,0
BRDA:216,16,0,1
BRF:24
BRH:23
end_of_record
